Register Proc Count: 0
Current index : 1
Current index : 2
Current Count : -1
Register Proc Count: 0
Current index : 3
Current index : 4
Current Count : -1
Register Proc Count: 0
Current index : 5
Current index : 6
Current Count : -1
Register Proc Count: 0
Current index : 7
Current index : 0
Current Count : -1
Register Proc Count: 0
Current index : 1
Current index : 2
Current Count : -1
Register Proc Count: 0
Current index : 3
Current index : 4
Current Count : -1
Register Proc Count: 0
Current index : 5
Current index : 6
Current Count : -1
Register Proc Count: 0
Current index : 7
Current index : 0
Current Count : -1
Register Proc Count: 0
Current index : 1
Current index : 2
Current Count : -1
Register Proc Count: 0
Current index : 3
Current index : 4
Current Count : -1
Register Proc Count: 0
Current index : 5
Current index : 6
Current Count : -1
Register Proc Count: 0
Current index : 7
Current index : 0
Current Count : -1
Register Proc Count: 0
Current index : 1
Current index : 2
Current Count : -1
Register Proc Count: 0
Current index : 3
Current index : 4
Current Count : -1
Register Proc Count: 0
Current index : 5
Current index : 6
Current Count : -1
Register Proc Count: 0
Current index : 7
Current index : 0
Current Count : -1
Register Proc Count: 0
Current index : 1
Current index : 2
Current Count : -1
Register Proc Count: 0
Current index : 3
Current index : 4
Current Count : -1
Register Proc Count: 0
Current index : 5
Current index : 6
Current Count : -1
Register Proc Count: 0
Current index : 7
Current index : 0
Current Count : -1
Register Proc Count: 0
Current index : 1
Current index : 2
Current Count : -1
Register Proc Count: 0
Current index : 3
Current index : 4
Current Count : -1
Register Proc Count: 0
Current index : 5
Current index : 6
Current Count : -1
Register Proc Count: 0
Current index : 7
Current index : 0
Current Count : -1
Register Proc Count: 0
Current index : 1
Current index : 2
Current Count : -1
Register Proc Count: 0
Current index : 3
Current index : 4
Current Count : -1
Register Proc Count: 0
Current index : 5
Current index : 6
Current Count : -1
Register Proc Count: 0
Current index : 7
Current index : 0
Current Count : -1
Register Proc Count: 0
Current index : 1
Current index : 2
Current Count : -1
Register Proc Count: 0
Current index : 3
Current index : 4
Current Count : -1
Register Proc Count: 0
Current index : 5
Current index : 6
Current Count : -1
Register Proc Count: 0
Current index : 7
Current index : 0
Current Count : -1
Register Proc Count: 0
Current index : 1
Current index : 2
Current Count : -1
Register Proc Count: 0
Current index : 3
Current index : 4
Current Count : -1
Register Proc Count: 0
Current index : 5
Current index : 6
Current Count : -1
Register Proc Count: 0
Current index : 7
Current index : 0
Current Count : -1
Register Proc Count: 0
Current index : 1
Current index : 2
Current Count : -1
Register Proc Count: 0
Current index : 3
Current index : 4
Current Count : -1
Register Proc Count: 0
Current index : 5
Current index : 6
Current Count : -1
Register Proc Count: 0
Current index : 7
Current index : 0
Current Count : -1
Register Proc Count: 0
Current index : 1
Current index : 2
Current Count : -1
Register Proc Count: 0
Current index : 3
Current index : 4
Current Count : -1
Register Proc Count: 0
Current index : 5
Current index : 6
Current Count : -1
Register Proc Count: 0
Current index : 7
Current index : 0
Current Count : -1
Register Proc Count: 0
Current index : 1
Current index : 2
Current Count : -1
Register Proc Count: 0
Current index : 3
Current index : 4
Current Count : -1
Register Proc Count: 0
Current index : 5
Current index : 6
Current Count : -1
Register Proc Count: 0
Current index : 7
Current index : 0
Current Count : -1
Register Proc Count: 0
Current index : 1
Current index : 2
Current Count : -1
Register Proc Count: 0
Current index : 3
Current index : 4
Current Count : -1
Register Proc Count: 0
Current index : 5
Current index : 6
Current Count : -1
Register Proc Count: 0
Current index : 7
Current index : 0
Current Count : -1
Register Proc Count: 0
Current index : 1
<----------------------------------------->
send to 6:0D 00 00 00 01 00 00 00 08 02 12 09 E6 9F 8F E5 86 B0 E5 A7 AC 
<----------------------------------------->
<----------------------------------------->
send to 6:1E 00 00 00 C8 00 00 00 08 02 10 02 22 0D 0D 00 00 CE 42 1D 00 00 CE 42 28 E8 07 32 09 E6 9F 8F E5 86 B0 E5 A7 AC 
<----------------------------------------->
<----------------------------------------->
send to 6:00 00 00 00 CA 00 00 00 
<----------------------------------------->
<----------------------------------------->
recv from 6:0D 00 00 00 03 00 00 00 0D 00 00 CE 42 1D 00 00 CE 42 28 E8 07 
<----------------------------------------->
GAME_MSG_NEW_POSTION x: 103 y: 0 z: 103
<----------------------------------------->
recv from 6:17 00 00 00 03 00 00 00 0D 4B A3 CD 42 15 80 C2 75 3D 1D AB BD CD 42 25 CC 4C 66 43 28 E8 07 
<----------------------------------------->
GAME_MSG_NEW_POSTION x: 102.819 y: 0.0599999 z: 102.87
<----------------------------------------->
recv from 6:17 00 00 00 03 00 00 00 0D 4F 24 CC 42 15 80 C2 75 3D 1D E8 7A CC 42 25 CD CC 65 43 28 E8 07 
<----------------------------------------->
GAME_MSG_NEW_POSTION x: 102.071 y: 0.0599999 z: 102.24
<----------------------------------------->
recv from 6:17 00 00 00 03 00 00 00 0D 55 F5 CA 42 15 40 C2 75 3D 1D A4 B2 CC 42 25 97 99 4F 42 28 E8 07 
<----------------------------------------->
GAME_MSG_NEW_POSTION x: 101.479 y: 0.0599997 z: 102.349
<----------------------------------------->
recv from 6:17 00 00 00 03 00 00 00 0D 79 65 CB 42 15 80 C2 75 3D 1D 1E BC CE 42 25 64 66 62 42 28 E8 07 
<----------------------------------------->
GAME_MSG_NEW_POSTION x: 101.698 y: 0.0599999 z: 103.367
<----------------------------------------->
recv from 6:17 00 00 00 03 00 00 00 0D CE 83 CA 42 15 60 C2 75 3D 1D 3A E5 D0 42 25 98 99 80 42 28 E8 07 
<----------------------------------------->
GAME_MSG_NEW_POSTION x: 101.257 y: 0.0599998 z: 104.448
<----------------------------------------->
recv from 6:17 00 00 00 03 00 00 00 0D F9 60 C9 42 15 60 C2 75 3D 1D 7F 1F D3 42 25 FE FF 85 42 28 E8 07 
<----------------------------------------->
GAME_MSG_NEW_POSTION x: 100.689 y: 0.0599998 z: 105.562
<----------------------------------------->
recv from 6:17 00 00 00 03 00 00 00 0D 40 0E CA 42 15 60 C2 75 3D 1D 78 B8 D4 42 25 98 99 C3 42 28 E8 07 
<----------------------------------------->
GAME_MSG_NEW_POSTION x: 101.028 y: 0.0599998 z: 106.36
<----------------------------------------->
recv from 6:17 00 00 00 03 00 00 00 0D 26 5C CC 42 15 80 C2 75 3D 1D 2A 6A D4 42 25 31 33 D0 42 28 E8 07 
<----------------------------------------->
GAME_MSG_NEW_POSTION x: 102.18 y: 0.0599999 z: 106.207
<----------------------------------------->
recv from 6:17 00 00 00 03 00 00 00 0D 65 9C CE 42 15 80 C2 75 3D 1D C4 CB D3 42 25 31 33 D4 42 28 E8 07 
<----------------------------------------->
GAME_MSG_NEW_POSTION x: 103.305 y: 0.0599999 z: 105.898
<----------------------------------------->
recv from 6:06 00 00 00 06 00 00 00 08 02 10 01 18 02 
<----------------------------------------->
<----------------------------------------->
send to 6:17 00 00 00 CE 00 00 00 08 02 10 01 18 01 20 02 2A 0D 0D 00 00 90 42 1D 00 00 58 42 28 E8 07 
<----------------------------------------->
<----------------------------------------->
send to 6:1E 00 00 00 C8 00 00 00 08 02 10 02 22 0D 0D 00 00 90 42 1D 00 00 58 42 28 E8 07 32 09 E6 9F 8F E5 86 B0 E5 A7 AC 
<----------------------------------------->
<----------------------------------------->
send to 6:1F 00 00 00 CA 00 00 00 0A 1D 08 91 4E 12 0D 0D 00 00 8C 42 1D 00 00 8C 42 28 E8 07 1A 09 52 6F 62 6F 74 5F 4F 6E 65 
<----------------------------------------->
<----------------------------------------->
recv from 6:0D 00 00 00 03 00 00 00 0D 00 00 90 42 1D 00 00 58 42 28 E8 07 
<----------------------------------------->
GAME_MSG_NEW_POSTION x: 72 y: 0 z: 54
<----------------------------------------->
recv from 6:17 00 00 00 03 00 00 00 0D 00 00 90 42 15 80 3B 0C BC 1D 00 00 58 42 25 9A 99 85 43 28 E8 07 
<----------------------------------------->
GAME_MSG_NEW_POSTION x: 72 y: -0.00855911 z: 54
<----------------------------------------->
recv from 6:17 00 00 00 03 00 00 00 0D 6B FB 8E 42 15 20 90 4A BD 1D 50 D7 59 42 25 33 73 81 43 28 E8 07 
<----------------------------------------->
GAME_MSG_NEW_POSTION x: 71.4911 y: -0.0494539 z: 54.4603
<----------------------------------------->
recv from 6:17 00 00 00 03 00 00 00 0D A0 B9 8E 42 15 D0 8F 4A BD 1D F7 2C 5F 42 25 9A 59 AF 43 28 E8 07 
<----------------------------------------->
GAME_MSG_NEW_POSTION x: 71.3625 y: -0.0494536 z: 55.7939
<----------------------------------------->
recv from 6:17 00 00 00 03 00 00 00 0D C5 2C 8F 42 15 B0 8F 4A BD 1D 60 7A 64 42 25 CD 4C AE 43 28 E8 07 
<----------------------------------------->
GAME_MSG_NEW_POSTION x: 71.5874 y: -0.0494534 z: 57.1195
<----------------------------------------->
send to 6:22 00 00 00 CC 00 00 00 08 91 4E 10 01 1A 0D 0D 00 00 8C 42 1D 00 00 8C 42 28 E8 07 22 0A 0D 00 00 8C 42 1D 00 00 8C 42 28 0B 
<----------------------------------------->
<----------------------------------------->
recv from 6:17 00 00 00 03 00 00 00 0D 35 BF 8E 42 15 B0 8F 4A BD 1D 38 11 69 42 25 67 26 AF 43 28 E8 07 
<----------------------------------------->
GAME_MSG_NEW_POSTION x: 71.3735 y: -0.0494534 z: 58.2668
<----------------------------------------->
recv from 6:28 00 00 00 04 00 00 00 08 02 10 01 1A 14 0D C7 7B 8D 42 15 05 57 73 3F 1D 02 3A 7B 42 25 9A 19 B0 43 22 0A 0D FC 24 59 C1 1D 4A 26 C6 42 28 01 
<----------------------------------------->
<----------------------------------------->
recv from 6:17 00 00 00 03 00 00 00 0D 5B 69 8E 42 15 C0 8F 4A BD 1D 44 AD 6D 42 25 9A 19 B0 43 28 E8 07 
<----------------------------------------->
GAME_MSG_NEW_POSTION x: 71.2058 y: -0.0494535 z: 59.4192
<----------------------------------------->
recv from 6:1A 00 00 00 05 00 00 00 08 02 10 91 4E 18 01 20 01 2A 0F 0D 74 D0 8B 42 15 04 57 73 3F 1D 0C 76 8B 42 
<----------------------------------------->
<----------------------------------------->
send to 6:1D 00 00 00 CD 00 00 00 08 02 10 91 4E 18 01 20 01 2A 12 0D 74 D0 8B 42 15 04 57 73 3F 1D 0C 76 8B 42 28 FE 03 
<----------------------------------------->
<----------------------------------------->
recv from 6:17 00 00 00 03 00 00 00 0D 5F 12 8E 42 15 A0 8F 4A BD 1D 43 A3 72 42 25 9A 19 B0 43 28 E8 07 
<----------------------------------------->
GAME_MSG_NEW_POSTION x: 71.0359 y: -0.0494534 z: 60.6594
<----------------------------------------->
recv from 6:17 00 00 00 03 00 00 00 0D 80 C1 8D 42 15 A0 8F 4A BD 1D 0C 40 77 42 25 9A 19 B0 43 28 E8 07 
<----------------------------------------->
GAME_MSG_NEW_POSTION x: 70.8779 y: -0.0494534 z: 61.8125
<----------------------------------------->
recv from 6:17 00 00 00 03 00 00 00 0D B1 6A 8D 42 15 80 8F 4A BD 1D 7C 33 7C 42 25 9A 19 B0 43 28 E8 07 
<----------------------------------------->
GAME_MSG_NEW_POSTION x: 70.7084 y: -0.0494533 z: 63.0503
<----------------------------------------->
recv from 6:17 00 00 00 03 00 00 00 0D 69 1A 8D 42 15 80 8F 4A BD 1D CC 63 80 42 25 9A 19 B0 43 28 E8 07 
<----------------------------------------->
GAME_MSG_NEW_POSTION x: 70.5516 y: -0.0494533 z: 64.1949
<----------------------------------------->
recv from 6:28 00 00 00 04 00 00 00 08 02 10 01 1A 14 0D 7D 11 8C 42 15 09 57 73 3F 1D C3 F1 87 42 25 9A 19 B0 43 22 0A 0D FC 24 59 C1 1D 4A 26 C6 42 28 02 
<----------------------------------------->
<----------------------------------------->
recv from 6:1A 00 00 00 05 00 00 00 08 02 10 91 4E 18 01 20 02 2A 0F 0D 61 04 8C 42 15 09 57 73 3F 1D 9A 00 8C 42 
<----------------------------------------->
<----------------------------------------->
send to 6:1D 00 00 00 CD 00 00 00 08 02 10 91 4E 18 01 20 02 2A 12 0D 61 04 8C 42 15 09 57 73 3F 1D 9A 00 8C 42 28 94 01 
<----------------------------------------->
<----------------------------------------->
recv from 6:17 00 00 00 03 00 00 00 0D E3 EF 8C 42 15 80 8F 4A BD 1D 3D 9A 81 42 25 9A 19 B0 43 28 E8 07 
<----------------------------------------->
GAME_MSG_NEW_POSTION x: 70.4685 y: -0.0494533 z: 64.8012
<----------------------------------------->
recv from 6:17 00 00 00 03 00 00 00 0D 8F E7 8C 42 15 70 8F 4A BD 1D 50 A6 81 42 25 34 F3 B2 43 28 E8 07 
<----------------------------------------->
GAME_MSG_NEW_POSTION x: 70.4523 y: -0.0494532 z: 64.8248
<----------------------------------------->
send to 6:22 00 00 00 CC 00 00 00 08 91 4E 10 01 1A 0D 0D 00 00 8C 42 1D 00 00 8C 42 28 94 01 22 0A 0D 00 00 8C 42 1D 00 00 8C 42 28 0D 
<----------------------------------------->
<----------------------------------------->
recv from 6:17 00 00 00 03 00 00 00 0D ED D5 8B 42 15 80 8F 4A BD 1D 7B EF 81 42 25 DA CC 7C 41 28 E8 07 
<----------------------------------------->
GAME_MSG_NEW_POSTION x: 69.9178 y: -0.0494533 z: 64.9677
<----------------------------------------->
recv from 6:17 00 00 00 03 00 00 00 0D 7E 8E 89 42 15 60 8F 4A BD 1D 17 D4 82 42 25 0B 00 C8 41 28 E8 07 
<----------------------------------------->
GAME_MSG_NEW_POSTION x: 68.7783 y: -0.0494531 z: 65.4142
<----------------------------------------->
recv from 6:28 00 00 00 04 00 00 00 08 02 10 01 1A 14 0D F0 67 8C 42 15 07 57 73 3F 1D B3 52 89 42 25 6C 66 2A 42 22 0A 0D 10 60 87 42 1D 29 38 93 42 28 03 
<----------------------------------------->
<----------------------------------------->
recv from 6:17 00 00 00 03 00 00 00 0D FA AA 87 42 15 90 8F 4A BD 1D 9D 2B 84 42 25 6C 66 2A 42 28 E8 07 
<----------------------------------------->
GAME_MSG_NEW_POSTION x: 67.8339 y: -0.0494533 z: 66.0852
<----------------------------------------->
recv from 6:17 00 00 00 03 00 00 00 0D 5C 03 86 42 15 80 8F 4A BD 1D DD D0 85 42 25 D2 CC 38 42 28 E8 07 
<----------------------------------------->
GAME_MSG_NEW_POSTION x: 67.0066 y: -0.0494533 z: 66.9079
<----------------------------------------->
recv from 6:17 00 00 00 03 00 00 00 0D 2A A2 84 42 15 70 8F 4A BD 1D 56 E3 87 42 25 04 00 76 42 28 E8 07 
<----------------------------------------->
GAME_MSG_NEW_POSTION x: 66.3167 y: -0.0494532 z: 67.944
<----------------------------------------->
recv from 6:17 00 00 00 03 00 00 00 0D D9 E5 83 42 15 A0 8F 4A BD 1D 7C 80 89 42 25 01 00 90 42 28 E8 07 
<----------------------------------------->
GAME_MSG_NEW_POSTION x: 65.9489 y: -0.0494534 z: 68.7509
<----------------------------------------->
recv from 6:17 00 00 00 03 00 00 00 0D AB F1 82 42 15 80 8F 4A BD 1D 67 B0 89 42 25 68 66 B6 42 28 E8 07 
<----------------------------------------->
GAME_MSG_NEW_POSTION x: 65.472 y: -0.0494533 z: 68.8445
<----------------------------------------->
recv from 6:28 00 00 00 04 00 00 00 08 02 10 01 1A 14 0D AB C3 88 42 15 06 57 73 3F 1D 42 B4 89 42 25 CF CC B3 42 22 0A 0D EC FF C7 42 1D C0 AF 32 3E 28 04 
<----------------------------------------->
<----------------------------------------->
recv from 6:17 00 00 00 03 00 00 00 0D E1 57 81 42 15 80 8F 4A BD 1D CC B0 89 42 25 9C 99 B3 42 28 E8 07 
<----------------------------------------->
GAME_MSG_NEW_POSTION x: 64.6716 y: -0.0494533 z: 68.8453
<----------------------------------------->
send to 6:22 00 00 00 CC 00 00 00 08 91 4E 10 01 1A 0D 0D 00 00 8C 42 1D 00 00 8C 42 28 94 01 22 0A 0D 00 00 8C 42 1D 00 00 8C 42 28 0F 
<----------------------------------------->
<----------------------------------------->
recv from 6:17 00 00 00 03 00 00 00 0D CB 1A 81 42 15 60 8F 4A BD 1D 38 B0 89 42 25 9B 99 AF 42 28 E8 07 
<----------------------------------------->
GAME_MSG_NEW_POSTION x: 64.5523 y: -0.0494531 z: 68.8442
<----------------------------------------->
recv from 6:17 00 00 00 03 00 00 00 0D 42 1B 80 42 15 90 8F 4A BD 1D 0D 9C 89 42 25 9D 99 A6 42 28 E8 07 
<----------------------------------------->
GAME_MSG_NEW_POSTION x: 64.0532 y: -0.0494533 z: 68.8048
<----------------------------------------->
recv from 6:17 00 00 00 03 00 00 00 0D 52 97 7D 42 15 90 8F 4A BD 1D 06 73 89 42 25 04 00 A6 42 28 E8 07 
<----------------------------------------->
GAME_MSG_NEW_POSTION x: 63.3978 y: -0.0494533 z: 68.7247
<----------------------------------------->
recv from 6:17 00 00 00 03 00 00 00 0D BB 6C 7D 42 15 80 8F 4A BD 1D 69 70 89 42 25 04 00 A6 42 28 E8 07 
<----------------------------------------->
GAME_MSG_NEW_POSTION x: 63.3562 y: -0.0494533 z: 68.7196
<----------------------------------------->
recv from 6:28 00 00 00 04 00 00 00 08 02 10 01 1A 14 0D 94 85 85 42 15 08 57 73 3F 1D B4 0F 8B 42 25 38 33 99 42 22 0A 0D 22 8E C2 42 1D D7 65 B9 41 28 05 
<----------------------------------------->
<----------------------------------------->
recv from 6:1A 00 00 00 05 00 00 00 08 02 10 91 4E 18 01 20 05 2A 0F 0D EB 59 8B 42 15 08 57 73 3F 1D 77 31 8C 42 
<----------------------------------------->
<----------------------------------------->
recv from 6:17 00 00 00 03 00 00 00 0D BB 6C 7D 42 15 80 8F 4A BD 1D 69 70 89 42 25 38 33 99 42 28 E8 07 
<----------------------------------------->
GAME_MSG_NEW_POSTION x: 63.3562 y: -0.0494533 z: 68.7196
<----------------------------------------->
recv from 6:17 00 00 00 03 00 00 00 0D 35 2A 7E 42 15 B0 8F 4A BD 1D 07 84 89 42 25 9D 99 9C 42 28 E8 07 
<----------------------------------------->
GAME_MSG_NEW_POSTION x: 63.5412 y: -0.0494534 z: 68.7579
<----------------------------------------->
recv from 6:17 00 00 00 03 00 00 00 0D E1 95 80 42 15 80 8F 4A BD 1D DB 73 8A 42 25 69 66 9C 42 28 E8 07 
<----------------------------------------->
GAME_MSG_NEW_POSTION x: 64.2927 y: -0.0494533 z: 69.2263
<----------------------------------------->
recv from 6:17 00 00 00 03 00 00 00 0D 54 04 81 42 15 80 8F 4A BD 1D 87 BA 8C 42 25 D0 CC B1 42 28 E8 07 
<----------------------------------------->
GAME_MSG_NEW_POSTION x: 64.5085 y: -0.0494533 z: 70.3643
<----------------------------------------->
send to 6:2A 00 00 00 CC 00 00 00 08 91 4E 10 01 1A 15 0D 00 00 8C 42 1D 00 00 8C 42 28 FA FC FF FF FF FF FF FF FF 01 22 0A 0D 00 00 8C 42 1D 00 00 8C 42 28 11 
<----------------------------------------->
<----------------------------------------->
recv from 6:17 00 00 00 03 00 00 00 0D A9 5E 81 42 15 70 8F 4A BD 1D 4A 07 8F 42 25 67 66 D6 42 28 E8 07 
<----------------------------------------->
GAME_MSG_NEW_POSTION x: 64.6849 y: -0.0494532 z: 71.5142
<----------------------------------------->
recv from 6:17 00 00 00 03 00 00 00 0D 06 2B 82 42 15 70 8F 4A BD 1D F7 3A 91 42 25 68 66 DD 42 28 E8 07 
<----------------------------------------->
GAME_MSG_NEW_POSTION x: 65.084 y: -0.0494532 z: 72.6152
<----------------------------------------->
recv from 6:17 00 00 00 03 00 00 00 0D 98 11 83 42 15 30 8F 4A BD 1D 8D 92 93 42 25 32 33 ED 42 28 E8 07 
<----------------------------------------->
GAME_MSG_NEW_POSTION x: 65.5344 y: -0.049453 z: 73.7862
<----------------------------------------->
recv from 6:17 00 00 00 03 00 00 00 0D A2 19 83 42 15 20 8F 4A BD 1D DB 95 95 42 25 32 33 ED 42 28 E8 07 
<----------------------------------------->
GAME_MSG_NEW_POSTION x: 65.5501 y: -0.0494529 z: 74.7927
<----------------------------------------->
recv from 6:17 00 00 00 03 00 00 00 0D 73 39 83 42 15 30 8F 4A BD 1D B3 DC 95 42 25 99 99 EE 42 28 E8 07 
<----------------------------------------->
GAME_MSG_NEW_POSTION x: 65.6122 y: -0.049453 z: 74.9311
<----------------------------------------->
send to 6:2A 00 00 00 CC 00 00 00 08 91 4E 10 01 1A 15 0D 00 00 8C 42 1D 00 00 8C 42 28 FA FC FF FF FF FF FF FF FF 01 22 0A 0D 00 00 8C 42 1D 00 00 8C 42 28 13 
<----------------------------------------->
<----------------------------------------->
send to 6:2A 00 00 00 CC 00 00 00 08 91 4E 10 01 1A 15 0D 00 00 8C 42 1D 00 00 8C 42 28 FA FC FF FF FF FF FF FF FF 01 22 0A 0D 00 00 8C 42 1D 00 00 8C 42 28 15 
<----------------------------------------->
<----------------------------------------->
send to 6:2A 00 00 00 CC 00 00 00 08 91 4E 10 01 1A 15 0D 00 00 8C 42 1D 00 00 8C 42 28 FA FC FF FF FF FF FF FF FF 01 22 0A 0D 00 00 8C 42 1D 00 00 8C 42 28 17 
<----------------------------------------->
<----------------------------------------->
send to 6:2A 00 00 00 CC 00 00 00 08 91 4E 10 01 1A 15 0D 00 00 8C 42 1D 00 00 8C 42 28 FA FC FF FF FF FF FF FF FF 01 22 0A 0D 00 00 8C 42 1D 00 00 8C 42 28 19 
<----------------------------------------->
<----------------------------------------->
send to 7:0D 00 00 00 01 00 00 00 08 03 12 09 E5 8D 8E E5 A6 82 E5 86 B0 
<----------------------------------------->
<----------------------------------------->
send to 7:1E 00 00 00 C8 00 00 00 08 03 10 02 22 0D 0D 00 00 E6 42 1D 00 00 EE 42 28 E8 07 32 09 E5 8D 8E E5 A6 82 E5 86 B0 
<----------------------------------------->
<----------------------------------------->
send to 7:00 00 00 00 CA 00 00 00 
<----------------------------------------->
<----------------------------------------->
recv from 7:0D 00 00 00 03 00 00 00 0D 00 00 E6 42 1D 00 00 EE 42 28 E8 07 
<----------------------------------------->
GAME_MSG_NEW_POSTION x: 115 y: 0 z: 119
<----------------------------------------->
send to 6:2A 00 00 00 CC 00 00 00 08 91 4E 10 01 1A 15 0D 00 00 8C 42 1D 00 00 8C 42 28 FA FC FF FF FF FF FF FF FF 01 22 0A 0D 00 00 8C 42 1D 00 00 8C 42 28 1B 
<----------------------------------------->
<----------------------------------------->
recv from 7:17 00 00 00 03 00 00 00 0D 86 25 E6 42 15 80 C2 75 3D 1D 51 0B EE 42 25 CD CC AB 42 28 E8 07 
<----------------------------------------->
GAME_MSG_NEW_POSTION x: 115.073 y: 0.0599999 z: 119.022
<----------------------------------------->
recv from 7:17 00 00 00 03 00 00 00 0D B7 E1 E7 42 15 80 C2 75 3D 1D 74 27 EE 42 25 00 00 AD 42 28 E8 07 
<----------------------------------------->
GAME_MSG_NEW_POSTION x: 115.941 y: 0.0599999 z: 119.077
<----------------------------------------->
recv from 7:17 00 00 00 03 00 00 00 0D 75 FB E8 42 15 80 C2 75 3D 1D 8C B1 EF 42 25 CD 4C AA 43 28 E8 07 
<----------------------------------------->
GAME_MSG_NEW_POSTION x: 116.491 y: 0.0599999 z: 119.847
<----------------------------------------->
recv from 7:17 00 00 00 03 00 00 00 0D D5 BB E6 42 15 80 C2 75 3D 1D 47 96 EF 42 25 66 66 7C 43 28 E8 07 
<----------------------------------------->
GAME_MSG_NEW_POSTION x: 115.367 y: 0.0599999 z: 119.794
<----------------------------------------->
recv from 7:17 00 00 00 03 00 00 00 0D F6 96 E4 42 15 60 C2 75 3D 1D 5A B7 EE 42 25 33 33 62 43 28 E8 07 
<----------------------------------------->
GAME_MSG_NEW_POSTION x: 114.295 y: 0.0599998 z: 119.358
<----------------------------------------->
recv from 7:17 00 00 00 03 00 00 00 0D 4A 3E E4 42 15 80 C2 75 3D 1D BA 78 EC 42 25 9A 19 35 43 28 E8 07 
<----------------------------------------->
GAME_MSG_NEW_POSTION x: 114.122 y: 0.0599999 z: 118.236
<----------------------------------------->
recv from 7:17 00 00 00 03 00 00 00 0D 41 2C E4 42 15 60 C2 75 3D 1D B8 F7 E9 42 25 CE CC 37 43 28 E8 07 
<----------------------------------------->
GAME_MSG_NEW_POSTION x: 114.086 y: 0.0599998 z: 116.984
<----------------------------------------->
recv from 7:17 00 00 00 03 00 00 00 0D B6 7D E3 42 15 80 C2 75 3D 1D 75 CC E7 42 25 CF CC 59 43 28 E8 07 
<----------------------------------------->
GAME_MSG_NEW_POSTION x: 113.746 y: 0.0599999 z: 115.899
<----------------------------------------->
send to 6:2A 00 00 00 CC 00 00 00 08 91 4E 10 01 1A 15 0D 00 00 8C 42 1D 00 00 8C 42 28 FA FC FF FF FF FF FF FF FF 01 22 0A 0D 00 00 8C 42 1D 00 00 8C 42 28 1D 
<----------------------------------------->
<----------------------------------------->
recv from 7:17 00 00 00 03 00 00 00 0D 95 40 E2 42 15 80 C2 75 3D 1D 00 A2 E5 42 25 9C 19 51 43 28 E8 07 
<----------------------------------------->
GAME_MSG_NEW_POSTION x: 113.126 y: 0.0599999 z: 114.816
<----------------------------------------->
recv from 7:17 00 00 00 03 00 00 00 0D 54 0D E1 42 15 A0 C2 75 3D 1D E7 A2 E3 42 25 03 00 55 43 28 E8 07 
<----------------------------------------->
GAME_MSG_NEW_POSTION x: 112.526 y: 0.0600001 z: 113.818
<----------------------------------------->
recv from 7:17 00 00 00 03 00 00 00 0D 90 7F DF 42 15 80 C2 75 3D 1D 31 E8 E1 42 25 35 33 62 43 28 E8 07 
<----------------------------------------->
GAME_MSG_NEW_POSTION x: 111.749 y: 0.0599999 z: 112.953
<----------------------------------------->
recv from 7:17 00 00 00 03 00 00 00 0D AF B6 DD 42 15 80 C2 75 3D 1D 43 28 E0 42 25 01 00 59 43 28 E8 07 
<----------------------------------------->
GAME_MSG_NEW_POSTION x: 110.857 y: 0.0599999 z: 112.079
<----------------------------------------->
recv from 7:17 00 00 00 03 00 00 00 0D 6D BE DC 42 15 80 C2 75 3D 1D 02 07 DE 42 25 6A 66 4A 43 28 E8 07 
<----------------------------------------->
GAME_MSG_NEW_POSTION x: 110.372 y: 0.0599999 z: 111.014
<----------------------------------------->
recv from 7:17 00 00 00 03 00 00 00 0D 8C C8 DB 42 15 80 C2 75 3D 1D 9C B9 DB 42 25 37 33 4F 43 28 E8 07 
<----------------------------------------->
GAME_MSG_NEW_POSTION x: 109.892 y: 0.0599999 z: 109.863
<----------------------------------------->
recv from 7:17 00 00 00 03 00 00 00 0D 03 60 DA 42 15 60 C2 75 3D 1D 0B E3 D9 42 25 04 00 55 43 28 E8 07 
<----------------------------------------->
GAME_MSG_NEW_POSTION x: 109.188 y: 0.0599998 z: 108.943
<----------------------------------------->
recv from 7:17 00 00 00 03 00 00 00 0D B2 1C D9 42 15 80 C2 75 3D 1D C8 E9 D7 42 25 04 00 55 43 28 E8 07 
<----------------------------------------->
GAME_MSG_NEW_POSTION x: 108.556 y: 0.0599999 z: 107.957
<----------------------------------------->
recv from 7:17 00 00 00 03 00 00 00 0D 1E 37 D7 42 15 60 C2 75 3D 1D 6D 4F D6 42 25 06 80 66 43 28 E8 07 
<----------------------------------------->
GAME_MSG_NEW_POSTION x: 107.608 y: 0.0599998 z: 107.155
<----------------------------------------->
send to 6:2A 00 00 00 CC 00 00 00 08 91 4E 10 01 1A 15 0D 00 00 8C 42 1D 00 00 8C 42 28 FA FC FF FF FF FF FF FF FF 01 22 0A 0D 00 00 8C 42 1D 00 00 8C 42 28 1F 
<----------------------------------------->
<----------------------------------------->
recv from 7:17 00 00 00 03 00 00 00 0D 85 66 D5 42 15 60 C2 75 3D 1D 9D D8 D4 42 25 06 00 68 43 28 E8 07 
<----------------------------------------->
GAME_MSG_NEW_POSTION x: 106.7 y: 0.0599998 z: 106.423
<----------------------------------------->
send to 7:0D 00 00 00 C9 00 00 00 08 03 12 09 E5 8D 8E E5 A6 82 E5 86 B0 
<----------------------------------------->
<----------------------------------------->
send to 7:0D 00 00 00 C9 00 00 00 08 03 12 09 E5 8D 8E E5 A6 82 E5 86 B0 
<----------------------------------------->
<----------------------------------------->
recv from 7:17 00 00 00 03 00 00 00 0D 1C 6E D3 42 15 A0 C2 75 3D 1D 87 4E D3 42 25 06 00 68 43 28 E8 07 
<----------------------------------------->
GAME_MSG_NEW_POSTION x: 105.715 y: 0.0600001 z: 105.653
<----------------------------------------->
recv from 7:06 00 00 00 06 00 00 00 08 03 10 01 18 02 
<----------------------------------------->
<----------------------------------------->
send to 7:17 00 00 00 CE 00 00 00 08 03 10 01 18 01 20 02 2A 0D 0D 00 00 86 42 1D 00 00 AA 42 28 E8 07 
<----------------------------------------->
<----------------------------------------->
send to 7:1E 00 00 00 C8 00 00 00 08 03 10 02 22 0D 0D 00 00 86 42 1D 00 00 AA 42 28 E8 07 32 09 E5 8D 8E E5 A6 82 E5 86 B0 
<----------------------------------------->
<----------------------------------------->
send to 7:4F 00 00 00 CA 00 00 00 0A 25 08 91 4E 12 15 0D 00 00 8C 42 1D 00 00 8C 42 28 FA FC FF FF FF FF FF FF FF 01 1A 09 52 6F 62 6F 74 5F 4F 6E 65 0A 26 08 02 12 17 0D 73 39 83 42 15 30 8F 4A BD 1D B3 DC 95 42 25 99 99 EE 42 28 E8 07 1A 09 E6 9F 8F E5 86 B0 E5 A7 AC 
<----------------------------------------->
<----------------------------------------->
send to 6:1E 00 00 00 C8 00 00 00 08 03 10 02 22 0D 0D 00 00 86 42 1D 00 00 AA 42 28 E8 07 32 09 E5 8D 8E E5 A6 82 E5 86 B0 
<----------------------------------------->
<----------------------------------------->
recv from 7:0D 00 00 00 03 00 00 00 0D 00 00 C8 42 1D 00 00 C8 42 28 E8 07 
<----------------------------------------->
GAME_MSG_NEW_POSTION x: 100 y: 0 z: 100
<----------------------------------------->
send to 6:1E 00 00 00 C8 00 00 00 08 03 10 04 22 0D 0D 00 00 C8 42 1D 00 00 C8 42 28 E8 07 32 09 E5 8D 8E E5 A6 82 E5 86 B0 
<----------------------------------------->
<----------------------------------------->
recv from 7:17 00 00 00 03 00 00 00 0D 00 00 C8 42 15 A0 3F A6 BC 1D 00 00 C8 42 25 CB 4C 24 43 28 E8 07 
<----------------------------------------->
GAME_MSG_NEW_POSTION x: 100 y: -0.020294 z: 100
<----------------------------------------->
send to 6:28 00 00 00 C8 00 00 00 08 03 10 04 22 17 0D 00 00 C8 42 15 A0 3F A6 BC 1D 00 00 C8 42 25 CB 4C 24 43 28 E8 07 32 09 E5 8D 8E E5 A6 82 E5 86 B0 
<----------------------------------------->
<----------------------------------------->
recv from 7:17 00 00 00 03 00 00 00 0D C9 20 C8 42 15 90 92 4A BD 1D 87 E6 C6 42 25 31 33 24 43 28 E8 07 
<----------------------------------------->
GAME_MSG_NEW_POSTION x: 100.064 y: -0.0494562 z: 99.4502
<----------------------------------------->
send to 6:28 00 00 00 C8 00 00 00 08 03 10 04 22 17 0D C9 20 C8 42 15 90 92 4A BD 1D 87 E6 C6 42 25 31 33 24 43 28 E8 07 32 09 E5 8D 8E E5 A6 82 E5 86 B0 
<----------------------------------------->
<----------------------------------------->
recv from 7:17 00 00 00 03 00 00 00 0D 71 5E C6 42 15 60 92 4A BD 1D 96 32 C5 42 25 FF 7F 54 43 28 E8 07 
<----------------------------------------->
GAME_MSG_NEW_POSTION x: 99.1845 y: -0.049456 z: 98.5988
<----------------------------------------->
send to 6:28 00 00 00 C8 00 00 00 08 03 10 04 22 17 0D 71 5E C6 42 15 60 92 4A BD 1D 96 32 C5 42 25 FF 7F 54 43 28 E8 07 32 09 E5 8D 8E E5 A6 82 E5 86 B0 
<----------------------------------------->
<----------------------------------------->
recv from 7:17 00 00 00 03 00 00 00 0D 05 C4 C4 42 15 50 92 4A BD 1D 24 44 C3 42 25 31 33 5F 43 28 E8 07 
<----------------------------------------->
GAME_MSG_NEW_POSTION x: 98.3829 y: -0.0494559 z: 97.6331
<----------------------------------------->
send to 6:28 00 00 00 C8 00 00 00 08 03 10 04 22 17 0D 05 C4 C4 42 15 50 92 4A BD 1D 24 44 C3 42 25 31 33 5F 43 28 E8 07 32 09 E5 8D 8E E5 A6 82 E5 86 B0 
<----------------------------------------->
<----------------------------------------->
send to 6:2A 00 00 00 CC 00 00 00 08 91 4E 10 01 1A 15 0D 00 00 8C 42 1D 00 00 8C 42 28 FA FC FF FF FF FF FF FF FF 01 22 0A 0D 00 00 8C 42 1D 00 00 8C 42 28 21 
<----------------------------------------->
<----------------------------------------->
send to 7:2A 00 00 00 CC 00 00 00 08 91 4E 10 01 1A 15 0D 00 00 8C 42 1D 00 00 8C 42 28 FA FC FF FF FF FF FF FF FF 01 22 0A 0D 00 00 8C 42 1D 00 00 8C 42 28 22 
<----------------------------------------->
<----------------------------------------->
recv from 7:17 00 00 00 03 00 00 00 0D 38 05 C3 42 15 40 92 4A BD 1D B6 B2 C1 42 25 FF FF 66 43 28 E8 07 
<----------------------------------------->
GAME_MSG_NEW_POSTION x: 97.5102 y: -0.0494559 z: 96.849
<----------------------------------------->
send to 6:28 00 00 00 C8 00 00 00 08 03 10 04 22 17 0D 38 05 C3 42 15 40 92 4A BD 1D B6 B2 C1 42 25 FF FF 66 43 28 E8 07 32 09 E5 8D 8E E5 A6 82 E5 86 B0 
<----------------------------------------->
<----------------------------------------->
recv from 7:17 00 00 00 03 00 00 00 0D A1 0A C1 42 15 10 92 4A BD 1D 42 2F C0 42 25 30 B3 68 43 28 E8 07 
<----------------------------------------->
GAME_MSG_NEW_POSTION x: 96.5208 y: -0.0494557 z: 96.0923
<----------------------------------------->
send to 6:28 00 00 00 C8 00 00 00 08 03 10 04 22 17 0D A1 0A C1 42 15 10 92 4A BD 1D 42 2F C0 42 25 30 B3 68 43 28 E8 07 32 09 E5 8D 8E E5 A6 82 E5 86 B0 
<----------------------------------------->
<----------------------------------------->
recv from 7:17 00 00 00 03 00 00 00 0D 02 32 BF 42 15 20 92 4A BD 1D F8 C2 BE 42 25 30 B3 69 43 28 E8 07 
<----------------------------------------->
GAME_MSG_NEW_POSTION x: 95.5977 y: -0.0494558 z: 95.3808
<----------------------------------------->
send to 6:28 00 00 00 C8 00 00 00 08 03 10 04 22 17 0D 02 32 BF 42 15 20 92 4A BD 1D F8 C2 BE 42 25 30 B3 69 43 28 E8 07 32 09 E5 8D 8E E5 A6 82 E5 86 B0 
<----------------------------------------->
<----------------------------------------->
recv from 7:17 00 00 00 03 00 00 00 0D 96 49 BD 42 15 E0 91 4A BD 1D 69 6D BD 42 25 FE 7F 6B 43 28 E8 07 
<----------------------------------------->
GAME_MSG_NEW_POSTION x: 94.6437 y: -0.0494555 z: 94.7137
<----------------------------------------->
send to 6:28 00 00 00 C8 00 00 00 08 03 10 04 22 17 0D 96 49 BD 42 15 E0 91 4A BD 1D 69 6D BD 42 25 FE 7F 6B 43 28 E8 07 32 09 E5 8D 8E E5 A6 82 E5 86 B0 
<----------------------------------------->
<----------------------------------------->
recv from 7:28 00 00 00 04 00 00 00 08 03 10 01 1A 14 0D 82 38 B7 42 15 E0 56 73 3F 1D D9 4D B9 42 25 CA CC 6B 43 22 0A 0D 81 6A A5 C2 1D 69 D5 60 C2 28 01 
<----------------------------------------->
<----------------------------------------->
send to 6:28 00 00 00 CC 00 00 00 08 03 10 01 1A 14 0D 82 38 B7 42 15 E0 56 73 3F 1D D9 4D B9 42 25 CA CC 6B 43 22 0A 0D 81 6A A5 C2 1D 69 D5 60 C2 28 01 
<----------------------------------------->
<----------------------------------------->
recv from 7:17 00 00 00 03 00 00 00 0D 98 38 BB 42 15 D0 91 4A BD 1D 76 05 BC 42 25 30 B3 6B 43 28 E8 07 
<----------------------------------------->
GAME_MSG_NEW_POSTION x: 93.6105 y: -0.0494555 z: 94.0107
<----------------------------------------->
send to 6:28 00 00 00 C8 00 00 00 08 03 10 04 22 17 0D 98 38 BB 42 15 D0 91 4A BD 1D 76 05 BC 42 25 30 B3 6B 43 28 E8 07 32 09 E5 8D 8E E5 A6 82 E5 86 B0 
<----------------------------------------->
<----------------------------------------->
recv from 7:19 00 00 00 05 00 00 00 08 03 10 02 18 01 20 01 2A 0F 0D DF 74 83 42 15 E1 56 73 3F 1D 43 85 95 42 
<----------------------------------------->
<----------------------------------------->
send to 7:1C 00 00 00 CD 00 00 00 08 03 10 02 18 01 20 01 2A 12 0D DF 74 83 42 15 E1 56 73 3F 1D 43 85 95 42 28 E6 04 
<----------------------------------------->
<----------------------------------------->
send to 6:1C 00 00 00 CD 00 00 00 08 03 10 02 18 01 20 01 2A 12 0D DF 74 83 42 15 E1 56 73 3F 1D 43 85 95 42 28 E6 04 
<----------------------------------------->
<----------------------------------------->
recv from 7:17 00 00 00 03 00 00 00 0D F5 4C B9 42 15 A0 91 4A BD 1D 96 B1 BA 42 25 32 33 6B 43 28 E8 07 
<----------------------------------------->
GAME_MSG_NEW_POSTION x: 92.6503 y: -0.0494553 z: 93.3468
<----------------------------------------->
send to 6:28 00 00 00 C8 00 00 00 08 03 10 04 22 17 0D F5 4C B9 42 15 A0 91 4A BD 1D 96 B1 BA 42 25 32 33 6B 43 28 E8 07 32 09 E5 8D 8E E5 A6 82 E5 86 B0 
<----------------------------------------->
<----------------------------------------->
recv from 7:17 00 00 00 03 00 00 00 0D BC 3F B7 42 15 A0 91 4A BD 1D 8B 44 B9 42 25 32 33 6B 43 28 E8 07 
<----------------------------------------->
GAME_MSG_NEW_POSTION x: 91.6245 y: -0.0494553 z: 92.6339
<----------------------------------------->
send to 6:28 00 00 00 C8 00 00 00 08 03 10 04 22 17 0D BC 3F B7 42 15 A0 91 4A BD 1D 8B 44 B9 42 25 32 33 6B 43 28 E8 07 32 09 E5 8D 8E E5 A6 82 E5 86 B0 
<----------------------------------------->
<----------------------------------------->
recv from 7:17 00 00 00 03 00 00 00 0D 8C 55 B5 42 15 70 91 4A BD 1D DB EF B7 42 25 32 33 6B 43 28 E8 07 
<----------------------------------------->
GAME_MSG_NEW_POSTION x: 90.6671 y: -0.0494551 z: 91.9685
<----------------------------------------->
send to 6:28 00 00 00 C8 00 00 00 08 03 10 04 22 17 0D 8C 55 B5 42 15 70 91 4A BD 1D DB EF B7 42 25 32 33 6B 43 28 E8 07 32 09 E5 8D 8E E5 A6 82 E5 86 B0 
<----------------------------------------->
<----------------------------------------->
send to 6:2A 00 00 00 CC 00 00 00 08 91 4E 10 01 1A 15 0D 00 00 8C 42 1D 00 00 8C 42 28 FA FC FF FF FF FF FF FF FF 01 22 0A 0D 00 00 8C 42 1D 00 00 8C 42 28 24 
<----------------------------------------->
<----------------------------------------->
send to 7:2A 00 00 00 CC 00 00 00 08 91 4E 10 01 1A 15 0D 00 00 8C 42 1D 00 00 8C 42 28 FA FC FF FF FF FF FF FF FF 01 22 0A 0D 00 00 8C 42 1D 00 00 8C 42 28 25 
<----------------------------------------->
<----------------------------------------->
recv from 7:28 00 00 00 04 00 00 00 08 03 10 01 1A 14 0D 3C 18 AE 42 15 E9 56 73 3F 1D 28 DF B2 42 25 FE FF 6A 43 22 0A 0D 93 D4 A3 C2 1D 44 6E 65 C2 28 02 
<----------------------------------------->
<----------------------------------------->
send to 6:28 00 00 00 CC 00 00 00 08 03 10 01 1A 14 0D 3C 18 AE 42 15 E9 56 73 3F 1D 28 DF B2 42 25 FE FF 6A 43 22 0A 0D 93 D4 A3 C2 1D 44 6E 65 C2 28 02 
<----------------------------------------->
<----------------------------------------->
recv from 7:17 00 00 00 03 00 00 00 0D 84 6B B3 42 15 70 91 4A BD 1D BC 99 B6 42 25 FE FF 6A 43 28 E8 07 
<----------------------------------------->
GAME_MSG_NEW_POSTION x: 89.71 y: -0.0494551 z: 91.3003
<----------------------------------------->
send to 6:28 00 00 00 C8 00 00 00 08 03 10 04 22 17 0D 84 6B B3 42 15 70 91 4A BD 1D BC 99 B6 42 25 FE FF 6A 43 28 E8 07 32 09 E5 8D 8E E5 A6 82 E5 86 B0 
<----------------------------------------->
<----------------------------------------->
recv from 7:17 00 00 00 03 00 00 00 0D 53 5D B1 42 15 50 91 4A BD 1D 4A 29 B5 42 25 FE FF 6A 43 28 E8 07 
<----------------------------------------->
GAME_MSG_NEW_POSTION x: 88.6823 y: -0.049455 z: 90.5806
<----------------------------------------->
send to 6:28 00 00 00 C8 00 00 00 08 03 10 04 22 17 0D 53 5D B1 42 15 50 91 4A BD 1D 4A 29 B5 42 25 FE FF 6A 43 28 E8 07 32 09 E5 8D 8E E5 A6 82 E5 86 B0 
<----------------------------------------->
<----------------------------------------->
recv from 7:17 00 00 00 03 00 00 00 0D DF 75 AF 42 15 10 91 4A BD 1D F8 D3 B3 42 25 FE FF 6A 43 28 E8 07 
<----------------------------------------->
GAME_MSG_NEW_POSTION x: 87.7302 y: -0.0494547 z: 89.914
<----------------------------------------->
send to 6:28 00 00 00 C8 00 00 00 08 03 10 04 22 17 0D DF 75 AF 42 15 10 91 4A BD 1D F8 D3 B3 42 25 FE FF 6A 43 28 E8 07 32 09 E5 8D 8E E5 A6 82 E5 86 B0 
<----------------------------------------->
<----------------------------------------->
recv from 7:17 00 00 00 03 00 00 00 0D 81 68 AD 42 15 20 91 4A BD 1D 8E 66 B2 42 25 CA 4C 6B 43 28 E8 07 
<----------------------------------------->
GAME_MSG_NEW_POSTION x: 86.7041 y: -0.0494548 z: 89.2003
<----------------------------------------->
send to 6:28 00 00 00 C8 00 00 00 08 03 10 04 22 17 0D 81 68 AD 42 15 20 91 4A BD 1D 8E 66 B2 42 25 CA 4C 6B 43 28 E8 07 32 09 E5 8D 8E E5 A6 82 E5 86 B0 
<----------------------------------------->
<----------------------------------------->
recv from 7:17 00 00 00 03 00 00 00 0D 92 CC AB 42 15 20 91 4A BD 1D 51 49 B1 42 25 CA 4C 6B 43 28 E8 07 
<----------------------------------------->
GAME_MSG_NEW_POSTION x: 85.8996 y: -0.0494548 z: 88.6432
<----------------------------------------->
send to 6:28 00 00 00 C8 00 00 00 08 03 10 04 22 17 0D 92 CC AB 42 15 20 91 4A BD 1D 51 49 B1 42 25 CA 4C 6B 43 28 E8 07 32 09 E5 8D 8E E5 A6 82 E5 86 B0 
<----------------------------------------->
<----------------------------------------->
recv from 7:28 00 00 00 04 00 00 00 08 03 10 01 1A 14 0D D1 E9 A5 42 15 F0 56 73 3F 1D FE 35 AD 42 25 CA 4C 6B 43 22 0A 0D C2 6D A4 C2 1D 4A B6 63 C2 28 03 
<----------------------------------------->
<----------------------------------------->
send to 6:28 00 00 00 CC 00 00 00 08 03 10 01 1A 14 0D D1 E9 A5 42 15 F0 56 73 3F 1D FE 35 AD 42 25 CA 4C 6B 43 22 0A 0D C2 6D A4 C2 1D 4A B6 63 C2 28 03 
<----------------------------------------->
<----------------------------------------->
recv from 7:17 00 00 00 03 00 00 00 0D F1 6B AB 42 15 10 91 4A BD 1D 69 06 B1 42 25 CA 4C 6B 43 28 E8 07 
<----------------------------------------->
GAME_MSG_NEW_POSTION x: 85.7108 y: -0.0494547 z: 88.5125
<----------------------------------------->
send to 6:28 00 00 00 C8 00 00 00 08 03 10 04 22 17 0D F1 6B AB 42 15 10 91 4A BD 1D 69 06 B1 42 25 CA 4C 6B 43 28 E8 07 32 09 E5 8D 8E E5 A6 82 E5 86 B0 
<----------------------------------------->
<----------------------------------------->
recv from 7:19 00 00 00 05 00 00 00 08 03 10 02 18 01 20 03 2A 0F 0D 2E 58 83 42 15 F2 56 73 3F 1D CE CD 95 42 
<----------------------------------------->
<----------------------------------------->
send to 7:1B 00 00 00 CD 00 00 00 08 03 10 02 18 01 20 03 2A 11 0D 2E 58 83 42 15 F2 56 73 3F 1D CE CD 95 42 28 36 
<----------------------------------------->
<----------------------------------------->
send to 6:1B 00 00 00 CD 00 00 00 08 03 10 02 18 01 20 03 2A 11 0D 2E 58 83 42 15 F2 56 73 3F 1D CE CD 95 42 28 36 
<----------------------------------------->
<----------------------------------------->
send to 6:2A 00 00 00 CC 00 00 00 08 91 4E 10 01 1A 15 0D 00 00 8C 42 1D 00 00 8C 42 28 FA FC FF FF FF FF FF FF FF 01 22 0A 0D 00 00 8C 42 1D 00 00 8C 42 28 27 
<----------------------------------------->
<----------------------------------------->
send to 7:2A 00 00 00 CC 00 00 00 08 91 4E 10 01 1A 15 0D 00 00 8C 42 1D 00 00 8C 42 28 FA FC FF FF FF FF FF FF FF 01 22 0A 0D 00 00 8C 42 1D 00 00 8C 42 28 28 
<----------------------------------------->
<----------------------------------------->
recv from 7:28 00 00 00 04 00 00 00 08 03 10 01 1A 14 0D A9 AA A5 42 15 EF 56 73 3F 1D 43 0A AD 42 25 CA 4C 6B 43 22 0A 0D C2 6D A4 C2 1D 4A B6 63 C2 28 04 
<----------------------------------------->
<----------------------------------------->
send to 6:28 00 00 00 CC 00 00 00 08 03 10 01 1A 14 0D A9 AA A5 42 15 EF 56 73 3F 1D 43 0A AD 42 25 CA 4C 6B 43 22 0A 0D C2 6D A4 C2 1D 4A B6 63 C2 28 04 
<----------------------------------------->
<----------------------------------------->
recv from 6:1A 00 00 00 05 00 00 00 08 91 4E 10 03 18 01 20 27 2A 0F 0D CF 4C AB 42 15 FE FF 7F 3F 1D 69 06 B1 42 
<----------------------------------------->
<----------------------------------------->
recv from 7:19 00 00 00 05 00 00 00 08 03 10 02 18 01 20 04 2A 0F 0D 35 41 83 42 15 F1 56 73 3F 1D F8 D1 95 42 
<----------------------------------------->
<----------------------------------------->
send to 7:0D 00 00 00 C9 00 00 00 08 02 12 09 E6 9F 8F E5 86 B0 E5 A7 AC 
<----------------------------------------->
<----------------------------------------->
send to 6:17 00 00 00 CE 00 00 00 08 02 10 01 18 02 20 01 2A 0D 0D 00 00 E4 42 1D 00 00 CE 42 28 E8 07 
<----------------------------------------->
<----------------------------------------->
send to 6:1E 00 00 00 C8 00 00 00 08 02 10 02 22 0D 0D 00 00 E4 42 1D 00 00 CE 42 28 E8 07 32 09 E6 9F 8F E5 86 B0 E5 A7 AC 
<----------------------------------------->
<----------------------------------------->
send to 6:00 00 00 00 CA 00 00 00 
<----------------------------------------->
<----------------------------------------->
recv from 6:0D 00 00 00 03 00 00 00 0D 00 00 E4 42 1D 00 00 CE 42 28 E8 07 
<----------------------------------------->
GAME_MSG_NEW_POSTION x: 114 y: 0 z: 103
<----------------------------------------->
recv from 7:17 00 00 00 03 00 00 00 0D 1F F8 AA 42 15 F0 90 4A BD 1D 36 B6 B0 42 25 CA 4C 6B 43 28 E8 07 
<----------------------------------------->
GAME_MSG_NEW_POSTION x: 85.4846 y: -0.0494546 z: 88.3559
<----------------------------------------->
recv from 7:17 00 00 00 03 00 00 00 0D 24 4E A9 42 15 F0 90 4A BD 1D 61 8A AF 42 25 CC CC 68 43 28 E8 07 
<----------------------------------------->
GAME_MSG_NEW_POSTION x: 84.6526 y: -0.0494546 z: 87.7703
<----------------------------------------->
recv from 7:17 00 00 00 03 00 00 00 0D AD 5A A7 42 15 C0 90 4A BD 1D A6 52 AE 42 25 64 66 5A 43 28 E8 07 
<----------------------------------------->
GAME_MSG_NEW_POSTION x: 83.6771 y: -0.0494545 z: 87.1614
<----------------------------------------->
recv from 7:17 00 00 00 03 00 00 00 0D 4D F4 A4 42 15 A0 90 4A BD 1D E0 85 AE 42 25 97 99 53 43 28 E8 07 
<----------------------------------------->
GAME_MSG_NEW_POSTION x: 82.4771 y: -0.0494543 z: 87.2615
<----------------------------------------->
send to 7:2A 00 00 00 CC 00 00 00 08 91 4E 10 01 1A 15 0D 00 00 8C 42 1D 00 00 8C 42 28 FA FC FF FF FF FF FF FF FF 01 22 0A 0D 00 00 8C 42 1D 00 00 8C 42 28 2A 
<----------------------------------------->
<----------------------------------------->
recv from 7:17 00 00 00 03 00 00 00 0D 67 13 A3 42 15 B0 90 4A BD 1D BC 5F AD 42 25 97 99 53 43 28 E8 07 
<----------------------------------------->
GAME_MSG_NEW_POSTION x: 81.5379 y: -0.0494544 z: 86.687
<----------------------------------------->
recv from 7:17 00 00 00 03 00 00 00 0D 11 C2 A1 42 15 B0 90 4A BD 1D 54 40 AB 42 25 31 B3 53 43 28 E8 07 
<----------------------------------------->
GAME_MSG_NEW_POSTION x: 80.879 y: -0.0494544 z: 85.6256
<----------------------------------------->
recv from 7:17 00 00 00 03 00 00 00 0D C2 84 A0 42 15 80 90 4A BD 1D 1A 46 A9 42 25 CB CC 55 43 28 E8 07 
<----------------------------------------->
GAME_MSG_NEW_POSTION x: 80.2593 y: -0.0494542 z: 84.6369
<----------------------------------------->
recv from 7:17 00 00 00 03 00 00 00 0D 73 4E 9F 42 15 60 90 4A BD 1D DD 3C A7 42 25 99 99 5D 43 28 E8 07 
<----------------------------------------->
GAME_MSG_NEW_POSTION x: 79.6532 y: -0.0494541 z: 83.6189
<----------------------------------------->
recv from 7:28 00 00 00 04 00 00 00 08 03 10 01 1A 14 0D 83 76 9A 42 15 FA 56 73 3F 1D 80 0B A1 42 25 99 99 5D 43 22 0A 0D 03 C9 84 C2 1D 45 8F 95 C2 28 05 
<----------------------------------------->
<----------------------------------------->
recv from 7:17 00 00 00 03 00 00 00 0D D2 68 9E 42 15 30 90 4A BD 1D 68 B0 A4 42 25 99 99 5D 43 28 E8 07 
<----------------------------------------->
GAME_MSG_NEW_POSTION x: 79.2047 y: -0.0494539 z: 82.3445
<----------------------------------------->
recv from 7:17 00 00 00 03 00 00 00 0D D9 DD 9C 42 15 30 90 4A BD 1D 74 F0 A2 42 25 99 99 5D 43 28 E8 07 
<----------------------------------------->
GAME_MSG_NEW_POSTION x: 78.4333 y: -0.0494539 z: 81.4696
<----------------------------------------->
recv from 7:17 00 00 00 03 00 00 00 0D 4F DD 9A 42 15 40 90 4A BD 1D 25 E0 A1 42 25 98 19 4E 43 28 E8 07 
<----------------------------------------->
GAME_MSG_NEW_POSTION x: 77.4322 y: -0.049454 z: 80.9378
<----------------------------------------->
recv from 7:17 00 00 00 03 00 00 00 0D FC A3 98 42 15 20 90 4A BD 1D 12 65 A2 42 25 CA 4C 45 43 28 E8 07 
<----------------------------------------->
GAME_MSG_NEW_POSTION x: 76.3203 y: -0.0494539 z: 81.1974
<----------------------------------------->
send to 7:2A 00 00 00 CC 00 00 00 08 91 4E 10 01 1A 15 0D 00 00 8C 42 1D 00 00 8C 42 28 FA FC FF FF FF FF FF FF FF 01 22 0A 0D 00 00 8C 42 1D 00 00 8C 42 28 2C 
<----------------------------------------->
<----------------------------------------->
recv from 7:17 00 00 00 03 00 00 00 0D 91 5A 96 42 15 00 90 4A BD 1D C6 5C A2 42 25 CA CC 27 43 28 E8 07 17 00 00 00 03 00 00 00 0D 2C E3 94 42 15 00 90 4A BD 1D F4 0B A2 42 25 97 19 27 43 28 E8 07 
<----------------------------------------->
GAME_MSG_NEW_POSTION x: 75.1769 y: -0.0494537 z: 81.1812
GAME_MSG_NEW_POSTION x: 74.4437 y: -0.0494537 z: 81.0233
<----------------------------------------->
recv from 7:17 00 00 00 03 00 00 00 0D 69 CE 94 42 15 F0 8F 4A BD 1D 37 07 A2 42 25 CB 4C 27 43 28 E8 07 
<----------------------------------------->
GAME_MSG_NEW_POSTION x: 74.4031 y: -0.0494537 z: 81.0141
<----------------------------------------->
recv from 6:17 00 00 00 03 00 00 00 0D 67 F0 E3 42 15 60 C2 75 3D 1D 8F 48 CE 42 25 00 00 AE 43 28 E8 07 
<----------------------------------------->
GAME_MSG_NEW_POSTION x: 113.97 y: 0.0599998 z: 103.142
<----------------------------------------->
recv from 6:17 00 00 00 03 00 00 00 0D D5 58 E3 42 15 80 C2 75 3D 1D 8B E9 CF 42 25 CD 0C 96 43 28 E8 07 
<----------------------------------------->
GAME_MSG_NEW_POSTION x: 113.674 y: 0.0599999 z: 103.956
<----------------------------------------->
recv from 6:17 00 00 00 03 00 00 00 0D 3B A1 E3 42 15 80 C2 75 3D 1D 34 9C CD 42 25 65 66 3A 43 28 E8 07 
<----------------------------------------->
GAME_MSG_NEW_POSTION x: 113.815 y: 0.0599999 z: 102.805
<----------------------------------------->
send to 7:2A 00 00 00 CC 00 00 00 08 91 4E 10 01 1A 15 0D 00 00 8C 42 1D 00 00 8C 42 28 FA FC FF FF FF FF FF FF FF 01 22 0A 0D 00 00 8C 42 1D 00 00 8C 42 28 2E 
<----------------------------------------->
<----------------------------------------->
recv from 6:17 00 00 00 03 00 00 00 0D CE 1F E4 42 15 80 C2 75 3D 1D 6E 3B CB 42 25 98 99 69 43 28 E8 07 
<----------------------------------------->
GAME_MSG_NEW_POSTION x: 114.062 y: 0.0599999 z: 101.616
<----------------------------------------->
recv from 6:17 00 00 00 03 00 00 00 0D 2C D3 E1 42 15 A0 C2 75 3D 1D 59 34 CB 42 25 66 26 85 43 28 E8 07 
<----------------------------------------->
GAME_MSG_NEW_POSTION x: 112.912 y: 0.0600001 z: 101.602
<----------------------------------------->
recv from 6:17 00 00 00 03 00 00 00 0D ED 54 DF 42 15 60 C2 75 3D 1D 24 DC CA 42 25 FF 7F 5B 43 28 E8 07 
<----------------------------------------->
GAME_MSG_NEW_POSTION x: 111.666 y: 0.0599998 z: 101.43
<----------------------------------------->
recv from 6:17 00 00 00 03 00 00 00 0D 7B 15 DD 42 15 80 C2 75 3D 1D 5D 12 CB 42 25 98 19 55 43 28 E8 07 
<----------------------------------------->
GAME_MSG_NEW_POSTION x: 110.542 y: 0.0599999 z: 101.536
<----------------------------------------->
recv from 6:17 00 00 00 03 00 00 00 0D 42 13 DB 42 15 60 C2 75 3D 1D E7 32 CC 42 25 CA 4C 6B 43 28 E8 07 
<----------------------------------------->
GAME_MSG_NEW_POSTION x: 109.538 y: 0.0599998 z: 102.099
<----------------------------------------->
recv from 6:17 00 00 00 03 00 00 00 0D C1 1F DA 42 15 80 C2 75 3D 1D 61 FD CD 42 25 66 26 87 43 28 E8 07 
<----------------------------------------->
GAME_MSG_NEW_POSTION x: 109.062 y: 0.0599999 z: 102.995
<----------------------------------------->
recv from 6:17 00 00 00 03 00 00 00 0D B0 FF D7 42 15 80 C2 75 3D 1D 54 B2 CE 42 25 99 99 98 43 28 E8 07 
<----------------------------------------->
GAME_MSG_NEW_POSTION x: 107.999 y: 0.0599999 z: 103.348
<----------------------------------------->
recv from 6:17 00 00 00 03 00 00 00 0D 70 DD D5 42 15 80 C2 75 3D 1D A3 F9 CF 42 25 98 19 92 43 28 E8 07 
<----------------------------------------->
GAME_MSG_NEW_POSTION x: 106.932 y: 0.0599999 z: 103.988
<----------------------------------------->
send to 7:2A 00 00 00 CC 00 00 00 08 91 4E 10 01 1A 15 0D 00 00 8C 42 1D 00 00 8C 42 28 FA FC FF FF FF FF FF FF FF 01 22 0A 0D 00 00 8C 42 1D 00 00 8C 42 28 30 
<----------------------------------------->
<----------------------------------------->
recv from 6:17 00 00 00 03 00 00 00 0D FF A7 D3 42 15 80 C2 75 3D 1D 55 97 D0 42 25 32 73 83 43 28 E8 07 
<----------------------------------------->
GAME_MSG_NEW_POSTION x: 105.828 y: 0.0599999 z: 104.296
<----------------------------------------->
recv from 6:06 00 00 00 06 00 00 00 08 02 10 01 18 02 
<----------------------------------------->
<----------------------------------------->
send to 6:17 00 00 00 CE 00 00 00 08 02 10 01 18 01 20 02 2A 0D 0D 00 00 7C 42 1D 00 00 AA 42 28 E8 07 
<----------------------------------------->
<----------------------------------------->
send to 6:1E 00 00 00 C8 00 00 00 08 02 10 02 22 0D 0D 00 00 7C 42 1D 00 00 AA 42 28 E8 07 32 09 E6 9F 8F E5 86 B0 E5 A7 AC 
<----------------------------------------->
<----------------------------------------->
send to 6:4F 00 00 00 CA 00 00 00 0A 25 08 91 4E 12 15 0D 00 00 8C 42 1D 00 00 8C 42 28 FA FC FF FF FF FF FF FF FF 01 1A 09 52 6F 62 6F 74 5F 4F 6E 65 0A 26 08 03 12 17 0D 69 CE 94 42 15 F0 8F 4A BD 1D 37 07 A2 42 25 CB 4C 27 43 28 E8 07 1A 09 E5 8D 8E E5 A6 82 E5 86 B0 
<----------------------------------------->
<----------------------------------------->
send to 7:1E 00 00 00 C8 00 00 00 08 02 10 02 22 0D 0D 00 00 7C 42 1D 00 00 AA 42 28 E8 07 32 09 E6 9F 8F E5 86 B0 E5 A7 AC 
<----------------------------------------->
<----------------------------------------->
recv from 6:0D 00 00 00 03 00 00 00 0D 00 00 7C 42 1D 00 00 AA 42 28 E8 07 
<----------------------------------------->
GAME_MSG_NEW_POSTION x: 63 y: 0 z: 85
<----------------------------------------->
send to 7:1E 00 00 00 C8 00 00 00 08 02 10 04 22 0D 0D 00 00 7C 42 1D 00 00 AA 42 28 E8 07 32 09 E6 9F 8F E5 86 B0 E5 A7 AC 
<----------------------------------------->
<----------------------------------------->
recv from 6:17 00 00 00 03 00 00 00 0D 47 74 7B 42 15 80 8F 4A BD 1D 97 4D AA 42 25 99 19 B0 43 28 E8 07 
<----------------------------------------->
GAME_MSG_NEW_POSTION x: 62.8636 y: -0.0494533 z: 85.1515
<----------------------------------------->
send to 7:28 00 00 00 C8 00 00 00 08 02 10 04 22 17 0D 47 74 7B 42 15 80 8F 4A BD 1D 97 4D AA 42 25 99 19 B0 43 28 E8 07 32 09 E6 9F 8F E5 86 B0 E5 A7 AC 
<----------------------------------------->
<----------------------------------------->
recv from 6:17 00 00 00 03 00 00 00 0D BA 02 7B 42 15 A0 8F 4A BD 1D AD DA AB 42 25 00 00 8E 42 28 E8 07 
<----------------------------------------->
GAME_MSG_NEW_POSTION x: 62.7527 y: -0.0494534 z: 85.9271
<----------------------------------------->
send to 7:28 00 00 00 C8 00 00 00 08 02 10 04 22 17 0D BA 02 7B 42 15 A0 8F 4A BD 1D AD DA AB 42 25 00 00 8E 42 28 E8 07 32 09 E6 9F 8F E5 86 B0 E5 A7 AC 
<----------------------------------------->
<----------------------------------------->
recv from 6:17 00 00 00 03 00 00 00 0D 56 88 7B 42 15 90 8F 4A BD 1D 80 A0 A9 42 25 00 00 2F 43 28 E8 07 
<----------------------------------------->
GAME_MSG_NEW_POSTION x: 62.8831 y: -0.0494533 z: 84.8135
<----------------------------------------->
send to 7:28 00 00 00 C8 00 00 00 08 02 10 04 22 17 0D 56 88 7B 42 15 90 8F 4A BD 1D 80 A0 A9 42 25 00 00 2F 43 28 E8 07 32 09 E6 9F 8F E5 86 B0 E5 A7 AC 
<----------------------------------------->
<----------------------------------------->
recv from 6:17 00 00 00 03 00 00 00 0D DB F2 7B 42 15 70 8F 4A BD 1D 7E 4A A7 42 25 CD CC 2D 43 28 E8 07 
<----------------------------------------->
GAME_MSG_NEW_POSTION x: 62.9872 y: -0.0494532 z: 83.6455
<----------------------------------------->
send to 7:28 00 00 00 C8 00 00 00 08 02 10 04 22 17 0D DB F2 7B 42 15 70 8F 4A BD 1D 7E 4A A7 42 25 CD CC 2D 43 28 E8 07 32 09 E6 9F 8F E5 86 B0 E5 A7 AC 
<----------------------------------------->
<----------------------------------------->
recv from 6:17 00 00 00 03 00 00 00 0D 56 38 7F 42 15 90 8F 4A BD 1D 41 8E A5 42 25 CC CC F0 42 28 E8 07 
<----------------------------------------->
GAME_MSG_NEW_POSTION x: 63.805 y: -0.0494533 z: 82.7778
<----------------------------------------->
send to 7:28 00 00 00 C8 00 00 00 08 02 10 04 22 17 0D 56 38 7F 42 15 90 8F 4A BD 1D 41 8E A5 42 25 CC CC F0 42 28 E8 07 32 09 E6 9F 8F E5 86 B0 E5 A7 AC 
<----------------------------------------->
<----------------------------------------->
send to 7:2A 00 00 00 CC 00 00 00 08 91 4E 10 01 1A 15 0D 00 00 8C 42 1D 00 00 8C 42 28 FA FC FF FF FF FF FF FF FF 01 22 0A 0D 00 00 8C 42 1D 00 00 8C 42 28 32 
<----------------------------------------->
<----------------------------------------->
send to 6:2A 00 00 00 CC 00 00 00 08 91 4E 10 01 1A 15 0D 00 00 8C 42 1D 00 00 8C 42 28 FA FC FF FF FF FF FF FF FF 01 22 0A 0D 00 00 8C 42 1D 00 00 8C 42 28 33 
<----------------------------------------->
<----------------------------------------->
recv from 6:17 00 00 00 03 00 00 00 0D 59 B3 81 42 15 A0 8F 4A BD 1D 09 93 A4 42 25 00 00 C6 42 28 E8 07 
<----------------------------------------->
GAME_MSG_NEW_POSTION x: 64.8503 y: -0.0494534 z: 82.2872
<----------------------------------------->
send to 7:28 00 00 00 C8 00 00 00 08 02 10 04 22 17 0D 59 B3 81 42 15 A0 8F 4A BD 1D 09 93 A4 42 25 00 00 C6 42 28 E8 07 32 09 E6 9F 8F E5 86 B0 E5 A7 AC 
<----------------------------------------->
<----------------------------------------->
recv from 6:17 00 00 00 03 00 00 00 0D D2 32 84 42 15 90 8F 4A BD 1D 42 78 A4 42 25 FF FF BA 42 28 E8 07 
<----------------------------------------->
GAME_MSG_NEW_POSTION x: 66.0993 y: -0.0494533 z: 82.2349
<----------------------------------------->
send to 7:28 00 00 00 C8 00 00 00 08 02 10 04 22 17 0D D2 32 84 42 15 90 8F 4A BD 1D 42 78 A4 42 25 FF FF BA 42 28 E8 07 32 09 E6 9F 8F E5 86 B0 E5 A7 AC 
<----------------------------------------->
<----------------------------------------->
recv from 6:28 00 00 00 04 00 00 00 08 02 10 01 1A 14 0D E9 2E 8C 42 15 07 57 73 3F 1D 3D FB A3 42 25 FF FF BA 42 22 0A 0D 80 A0 C7 42 1D D7 5A C3 C0 28 06 
<----------------------------------------->
<----------------------------------------->
send to 7:28 00 00 00 CC 00 00 00 08 02 10 01 1A 14 0D E9 2E 8C 42 15 07 57 73 3F 1D 3D FB A3 42 25 FF FF BA 42 22 0A 0D 80 A0 C7 42 1D D7 5A C3 C0 28 06 
<----------------------------------------->
<----------------------------------------->
recv from 6:17 00 00 00 03 00 00 00 0D 76 86 86 42 15 90 8F 4A BD 1D 36 52 A4 42 25 65 66 BC 42 28 E8 07 
<----------------------------------------->
GAME_MSG_NEW_POSTION x: 67.2626 y: -0.0494533 z: 82.1606
<----------------------------------------->
send to 7:28 00 00 00 C8 00 00 00 08 02 10 04 22 17 0D 76 86 86 42 15 90 8F 4A BD 1D 36 52 A4 42 25 65 66 BC 42 28 E8 07 32 09 E6 9F 8F E5 86 B0 E5 A7 AC 
<----------------------------------------->
<----------------------------------------->
recv from 6:17 00 00 00 03 00 00 00 0D CB D9 88 42 15 B0 8F 4A BD 1D BF 17 A4 42 25 98 99 C1 42 28 E8 07 
<----------------------------------------->
GAME_MSG_NEW_POSTION x: 68.4254 y: -0.0494534 z: 82.0464
<----------------------------------------->
send to 7:28 00 00 00 C8 00 00 00 08 02 10 04 22 17 0D CB D9 88 42 15 B0 8F 4A BD 1D BF 17 A4 42 25 98 99 C1 42 28 E8 07 32 09 E6 9F 8F E5 86 B0 E5 A7 AC 
<----------------------------------------->
<----------------------------------------->
recv from 6:17 00 00 00 03 00 00 00 0D 5F 94 8A 42 15 C0 8F 4A BD 1D F9 E2 A3 42 25 98 99 C1 42 28 E8 07 
<----------------------------------------->
GAME_MSG_NEW_POSTION x: 69.2898 y: -0.0494535 z: 81.9433
<----------------------------------------->
send to 7:28 00 00 00 C8 00 00 00 08 02 10 04 22 17 0D 5F 94 8A 42 15 C0 8F 4A BD 1D F9 E2 A3 42 25 98 99 C1 42 28 E8 07 32 09 E6 9F 8F E5 86 B0 E5 A7 AC 
<----------------------------------------->
<----------------------------------------->
recv from 6:17 00 00 00 03 00 00 00 0D E3 BF 8A 42 15 B0 8F 4A BD 1D C7 DD A3 42 25 CB CC C1 42 28 E8 07 
<----------------------------------------->
GAME_MSG_NEW_POSTION x: 69.3748 y: -0.0494534 z: 81.9332
<----------------------------------------->
send to 7:28 00 00 00 C8 00 00 00 08 02 10 04 22 17 0D E3 BF 8A 42 15 B0 8F 4A BD 1D C7 DD A3 42 25 CB CC C1 42 28 E8 07 32 09 E6 9F 8F E5 86 B0 E5 A7 AC 
<----------------------------------------->
<----------------------------------------->
recv from 6:28 00 00 00 04 00 00 00 08 02 10 01 1A 14 0D 26 9D 91 42 15 05 57 73 3F 1D A4 7E A2 42 25 98 99 CA 42 22 0A 0D 78 1F C4 42 1D BC C1 9C C1 28 07 
<----------------------------------------->
<----------------------------------------->
send to 7:28 00 00 00 CC 00 00 00 08 02 10 01 1A 14 0D 26 9D 91 42 15 05 57 73 3F 1D A4 7E A2 42 25 98 99 CA 42 22 0A 0D 78 1F C4 42 1D BC C1 9C C1 28 07 
<----------------------------------------->
<----------------------------------------->
recv from 6:17 00 00 00 03 00 00 00 0D E3 BF 8A 42 15 B0 8F 4A BD 1D C7 DD A3 42 25 98 99 CA 42 28 E8 07 
<----------------------------------------->
GAME_MSG_NEW_POSTION x: 69.3748 y: -0.0494534 z: 81.9332
<----------------------------------------->
send to 7:28 00 00 00 C8 00 00 00 08 02 10 04 22 17 0D E3 BF 8A 42 15 B0 8F 4A BD 1D C7 DD A3 42 25 98 99 CA 42 28 E8 07 32 09 E6 9F 8F E5 86 B0 E5 A7 AC 
<----------------------------------------->
<----------------------------------------->
recv from 6:19 00 00 00 05 00 00 00 08 02 10 03 18 01 20 07 2A 0F 0D 0F DF 94 42 15 06 57 73 3F 1D 8A 5A A2 42 
<----------------------------------------->
<----------------------------------------->
send to 6:1C 00 00 00 CD 00 00 00 08 02 10 03 18 01 20 07 2A 12 0D 0F DF 94 42 15 06 57 73 3F 1D 8A 5A A2 42 28 D0 04 
<----------------------------------------->
<----------------------------------------->
send to 7:1C 00 00 00 CD 00 00 00 08 02 10 03 18 01 20 07 2A 12 0D 0F DF 94 42 15 06 57 73 3F 1D 8A 5A A2 42 28 D0 04 
<----------------------------------------->
<----------------------------------------->
send to 7:2A 00 00 00 CC 00 00 00 08 91 4E 10 01 1A 15 0D 00 00 8C 42 1D 00 00 8C 42 28 FA FC FF FF FF FF FF FF FF 01 22 0A 0D 00 00 8C 42 1D 00 00 8C 42 28 35 
<----------------------------------------->
<----------------------------------------->
send to 6:2A 00 00 00 CC 00 00 00 08 91 4E 10 01 1A 15 0D 00 00 8C 42 1D 00 00 8C 42 28 FA FC FF FF FF FF FF FF FF 01 22 0A 0D 00 00 8C 42 1D 00 00 8C 42 28 36 
<----------------------------------------->
<----------------------------------------->
recv from 6:28 00 00 00 04 00 00 00 08 02 10 01 1A 14 0D 5B 93 91 42 15 05 57 73 3F 1D C3 50 A2 42 25 96 99 CD 42 22 0A 0D A7 07 C3 42 1D 12 3D B1 C1 28 08 
<----------------------------------------->
<----------------------------------------->
send to 7:28 00 00 00 CC 00 00 00 08 02 10 01 1A 14 0D 5B 93 91 42 15 05 57 73 3F 1D C3 50 A2 42 25 96 99 CD 42 22 0A 0D A7 07 C3 42 1D 12 3D B1 C1 28 08 
<----------------------------------------->
<----------------------------------------->
recv from 6:19 00 00 00 05 00 00 00 08 02 10 03 18 01 20 08 2A 0F 0D 10 D2 94 42 15 07 57 73 3F 1D 4A 17 A2 42 
<----------------------------------------->
<----------------------------------------->
send to 6:1C 00 00 00 CD 00 00 00 08 02 10 03 18 01 20 08 2A 12 0D 10 D2 94 42 15 07 57 73 3F 1D 4A 17 A2 42 28 80 01 
<----------------------------------------->
<----------------------------------------->
send to 7:1C 00 00 00 CD 00 00 00 08 02 10 03 18 01 20 08 2A 12 0D 10 D2 94 42 15 07 57 73 3F 1D 4A 17 A2 42 28 80 01 
<----------------------------------------->
<----------------------------------------->
recv from 6:17 00 00 00 03 00 00 00 0D E3 BF 8A 42 15 B0 8F 4A BD 1D C7 DD A3 42 25 97 99 CD 42 28 E8 07 
<----------------------------------------->
GAME_MSG_NEW_POSTION x: 69.3748 y: -0.0494534 z: 81.9332
<----------------------------------------->
send to 7:28 00 00 00 C8 00 00 00 08 02 10 04 22 17 0D E3 BF 8A 42 15 B0 8F 4A BD 1D C7 DD A3 42 25 97 99 CD 42 28 E8 07 32 09 E6 9F 8F E5 86 B0 E5 A7 AC 
<----------------------------------------->
<----------------------------------------->
recv from 6:17 00 00 00 03 00 00 00 0D 27 36 8A 42 15 D0 8F 4A BD 1D 3E FD A3 42 25 CB CC CD 42 28 E8 07 
<----------------------------------------->
GAME_MSG_NEW_POSTION x: 69.1058 y: -0.0494536 z: 81.9946
<----------------------------------------->
send to 7:28 00 00 00 C8 00 00 00 08 02 10 04 22 17 0D 27 36 8A 42 15 D0 8F 4A BD 1D 3E FD A3 42 25 CB CC CD 42 28 E8 07 32 09 E6 9F 8F E5 86 B0 E5 A7 AC 
<----------------------------------------->
<----------------------------------------->
recv from 6:17 00 00 00 03 00 00 00 0D 02 11 88 42 15 C0 8F 4A BD 1D CF 7B A4 42 25 FD FF CD 42 28 E8 07 
<----------------------------------------->
GAME_MSG_NEW_POSTION x: 68.0332 y: -0.0494535 z: 82.2418
<----------------------------------------->
send to 7:28 00 00 00 C8 00 00 00 08 02 10 04 22 17 0D 02 11 88 42 15 C0 8F 4A BD 1D CF 7B A4 42 25 FD FF CD 42 28 E8 07 32 09 E6 9F 8F E5 86 B0 E5 A7 AC 
<----------------------------------------->
<----------------------------------------->
recv from 6:28 00 00 00 04 00 00 00 08 02 10 01 1A 14 0D DC 19 8D 42 15 06 57 73 3F 1D 41 52 A3 42 25 FE FF CD 42 22 0A 0D C0 DF C2 42 1D E6 F5 B3 C1 28 09 
<----------------------------------------->
<----------------------------------------->
send to 7:28 00 00 00 CC 00 00 00 08 02 10 01 1A 14 0D DC 19 8D 42 15 06 57 73 3F 1D 41 52 A3 42 25 FE FF CD 42 22 0A 0D C0 DF C2 42 1D E6 F5 B3 C1 28 09 
<----------------------------------------->
<----------------------------------------->
recv from 6:19 00 00 00 05 00 00 00 08 02 10 03 18 01 20 09 2A 0F 0D F2 CF 94 42 15 06 57 73 3F 1D DF 0D A2 42 
<----------------------------------------->
<----------------------------------------->
send to 6:0D 00 00 00 C9 00 00 00 08 03 12 09 E5 8D 8E E5 A6 82 E5 86 B0 
<----------------------------------------->
<----------------------------------------->
send to 7:17 00 00 00 CE 00 00 00 08 03 10 01 18 02 20 01 2A 0D 0D 00 00 DC 42 1D 00 00 E6 42 28 E8 07 
<----------------------------------------->
<----------------------------------------->
send to 7:1E 00 00 00 C8 00 00 00 08 03 10 02 22 0D 0D 00 00 DC 42 1D 00 00 E6 42 28 E8 07 32 09 E5 8D 8E E5 A6 82 E5 86 B0 
<----------------------------------------->
<----------------------------------------->
send to 7:00 00 00 00 CA 00 00 00 
<----------------------------------------->
<----------------------------------------->
recv from 6:17 00 00 00 03 00 00 00 0D A5 CA 85 42 15 C0 8F 4A BD 1D 42 02 A5 42 25 FD FF CD 42 28 E8 07 
<----------------------------------------->
GAME_MSG_NEW_POSTION x: 66.8958 y: -0.0494535 z: 82.5044
<----------------------------------------->
recv from 6:17 00 00 00 03 00 00 00 0D 41 5C 83 42 15 80 8F 4A BD 1D 7A 92 A5 42 25 94 99 CE 42 28 E8 07 
<----------------------------------------->
GAME_MSG_NEW_POSTION x: 65.6802 y: -0.0494533 z: 82.7861
<----------------------------------------->
send to 6:2A 00 00 00 CC 00 00 00 08 91 4E 10 01 1A 15 0D 00 00 8C 42 1D 00 00 8C 42 28 FA FC FF FF FF FF FF FF FF 01 22 0A 0D 00 00 8C 42 1D 00 00 8C 42 28 38 
<----------------------------------------->
<----------------------------------------->
recv from 6:17 00 00 00 03 00 00 00 0D 3E 6A 81 42 15 90 8F 4A BD 1D 0B 9C A6 42 25 64 E6 2A 43 28 E8 07 
<----------------------------------------->
GAME_MSG_NEW_POSTION x: 64.7075 y: -0.0494533 z: 83.3048
<----------------------------------------->
recv from 7:0D 00 00 00 03 00 00 00 0D 00 00 DC 42 1D 00 00 E6 42 28 E8 07 
<----------------------------------------->
GAME_MSG_NEW_POSTION x: 110 y: 0 z: 115
<----------------------------------------->
recv from 6:17 00 00 00 03 00 00 00 0D D6 53 83 42 15 C0 8F 4A BD 1D 9B A2 A7 42 25 FE 7F 7A 43 28 E8 07 
<----------------------------------------->
GAME_MSG_NEW_POSTION x: 65.6637 y: -0.0494535 z: 83.8176
<----------------------------------------->
recv from 6:17 00 00 00 03 00 00 00 0D 74 89 84 42 15 A0 8F 4A BD 1D B4 E0 A7 42 25 FE 3F 87 43 28 E8 07 
<----------------------------------------->
GAME_MSG_NEW_POSTION x: 66.2685 y: -0.0494534 z: 83.9389
<----------------------------------------->
recv from 6:17 00 00 00 03 00 00 00 0D A8 8F 84 42 15 D0 8F 4A BD 1D F0 E0 A7 42 25 FE 7F 85 43 28 E8 07 
<----------------------------------------->
GAME_MSG_NEW_POSTION x: 66.2806 y: -0.0494536 z: 83.9393
<----------------------------------------->
send to 6:2A 00 00 00 CC 00 00 00 08 91 4E 10 01 1A 15 0D 00 00 8C 42 1D 00 00 8C 42 28 FA FC FF FF FF FF FF FF FF 01 22 0A 0D 00 00 8C 42 1D 00 00 8C 42 28 3A 
<----------------------------------------->
<----------------------------------------->
send to 6:2A 00 00 00 CC 00 00 00 08 91 4E 10 01 1A 15 0D 00 00 8C 42 1D 00 00 8C 42 28 FA FC FF FF FF FF FF FF FF 01 22 0A 0D 00 00 8C 42 1D 00 00 8C 42 28 3C 
<----------------------------------------->
<----------------------------------------->
recv from 7:
<----------------------------------------->
<----------------------------------------->
send to 6:2A 00 00 00 CC 00 00 00 08 91 4E 10 01 1A 15 0D 00 00 8C 42 1D 00 00 8C 42 28 FA FC FF FF FF FF FF FF FF 01 22 0A 0D 00 00 8C 42 1D 00 00 8C 42 28 3E 
<----------------------------------------->
<----------------------------------------->
recv from 6:
<----------------------------------------->
